mode: set
github.com/marquesdeard/go-bookings/internal/handlers/handlers.go:24.47,28.2 1 1
github.com/marquesdeard/go-bookings/internal/handlers/handlers.go:31.33,33.2 1 1
github.com/marquesdeard/go-bookings/internal/handlers/handlers.go:35.67,40.2 3 1
github.com/marquesdeard/go-bookings/internal/handlers/handlers.go:42.68,55.2 5 1
github.com/marquesdeard/go-bookings/internal/handlers/handlers.go:58.74,68.2 4 1
github.com/marquesdeard/go-bookings/internal/handlers/handlers.go:71.78,73.16 2 1
github.com/marquesdeard/go-bookings/internal/handlers/handlers.go:73.16,76.3 2 0
github.com/marquesdeard/go-bookings/internal/handlers/handlers.go:78.2,92.19 6 1
github.com/marquesdeard/go-bookings/internal/handlers/handlers.go:92.19,102.3 4 0
github.com/marquesdeard/go-bookings/internal/handlers/handlers.go:104.2,106.66 2 1
github.com/marquesdeard/go-bookings/internal/handlers/handlers.go:110.71,112.2 1 1
github.com/marquesdeard/go-bookings/internal/handlers/handlers.go:115.69,117.2 1 1
github.com/marquesdeard/go-bookings/internal/handlers/handlers.go:120.75,122.2 1 1
github.com/marquesdeard/go-bookings/internal/handlers/handlers.go:125.79,130.2 3 1
github.com/marquesdeard/go-bookings/internal/handlers/handlers.go:138.79,146.16 3 1
github.com/marquesdeard/go-bookings/internal/handlers/handlers.go:146.16,148.3 1 0
github.com/marquesdeard/go-bookings/internal/handlers/handlers.go:150.2,151.14 2 1
github.com/marquesdeard/go-bookings/internal/handlers/handlers.go:155.70,157.2 1 1
github.com/marquesdeard/go-bookings/internal/handlers/handlers.go:159.81,161.9 2 1
github.com/marquesdeard/go-bookings/internal/handlers/handlers.go:161.9,166.3 4 1
github.com/marquesdeard/go-bookings/internal/handlers/handlers.go:168.2,175.4 4 0
